<?xml version="1.0" encoding="UTF-8"?>
<testsuite name="com.credit.evaluation.service.impl.CustomerServiceImplTest" tests="1" skipped="0" failures="0" errors="0" timestamp="2024-08-06T19:51:57" hostname="TP0442" time="0.702">
  <properties/>
  <testcase name="retrieveUserDetails - success case" classname="com.credit.evaluation.service.impl.CustomerServiceImplTest" time="0.702"/>
  <system-out><![CDATA[]]></system-out>
  <system-err><![CDATA[]]></system-err>
</testsuite>
